<?xml version="1.0" encoding="UTF-8"?>
<testsuite xmlns:xsi="http://www.w3.org/2001/XMLSchema-instance" xsi:noNamespaceSchemaLocation="https://maven.apache.org/surefire/maven-surefire-plugin/xsd/surefire-test-report.xsd" name="main.AppTest" time="0.017" tests="1" errors="0" skipped="0" failures="0">
  <properties>
    <property name="sun.desktop" value="gnome"/>
    <property name="awt.toolkit" value="sun.awt.X11.XToolkit"/>
    <property name="java.specification.version" value="11"/>
    <property name="sun.cpu.isalist" value=""/>
    <property name="sun.jnu.encoding" value="UTF-8"/>
    <property name="java.class.path" value="/autofs/unitytravail/travail/mcheungsen/S8/s8-architecture-logicielle/TD1/td1/target/test-classes:/autofs/unitytravail/travail/mcheungsen/S8/s8-architecture-logicielle/TD1/td1/target/classes:/net/cremi/mcheungsen/.m2/repository/junit/junit/4.11/junit-4.11.jar:/net/cremi/mcheungsen/.m2/repository/org/hamcrest/hamcrest-core/1.3/hamcrest-core-1.3.jar:"/>
    <property name="java.vm.vendor" value="Debian"/>
    <property name="sun.arch.data.model" value="64"/>
    <property name="java.vendor.url" value="https://tracker.debian.org/openjdk-11"/>
    <property name="user.timezone" value=""/>
    <property name="java.vm.specification.version" value="11"/>
    <property name="os.name" value="Linux"/>
    <property name="sun.java.launcher" value="SUN_STANDARD"/>
    <property name="user.country" value="FR"/>
    <property name="sun.boot.library.path" value="/usr/lib/jvm/java-11-openjdk-amd64/lib"/>
    <property name="sun.java.command" value="/autofs/unitytravail/travail/mcheungsen/S8/s8-architecture-logicielle/TD1/td1/target/surefire/surefirebooter5168996405766064039.jar /autofs/unitytravail/travail/mcheungsen/S8/s8-architecture-logicielle/TD1/td1/target/surefire 2023-01-10T15-31-20_969-jvmRun1 surefire2755749324142631579tmp surefire_017767952931035685535tmp"/>
    <property name="jdk.debug" value="release"/>
    <property name="surefire.test.class.path" value="/autofs/unitytravail/travail/mcheungsen/S8/s8-architecture-logicielle/TD1/td1/target/test-classes:/autofs/unitytravail/travail/mcheungsen/S8/s8-architecture-logicielle/TD1/td1/target/classes:/net/cremi/mcheungsen/.m2/repository/junit/junit/4.11/junit-4.11.jar:/net/cremi/mcheungsen/.m2/repository/org/hamcrest/hamcrest-core/1.3/hamcrest-core-1.3.jar:"/>
    <property name="sun.cpu.endian" value="little"/>
    <property name="user.home" value="/net/cremi/mcheungsen"/>
    <property name="user.language" value="fr"/>
    <property name="java.specification.vendor" value="Oracle Corporation"/>
    <property name="java.version.date" value="2022-07-19"/>
    <property name="java.home" value="/usr/lib/jvm/java-11-openjdk-amd64"/>
    <property name="file.separator" value="/"/>
    <property name="basedir" value="/autofs/unitytravail/travail/mcheungsen/S8/s8-architecture-logicielle/TD1/td1"/>
    <property name="java.vm.compressedOopsMode" value="Zero based"/>
    <property name="line.separator" value="&#10;"/>
    <property name="java.specification.name" value="Java Platform API Specification"/>
    <property name="java.vm.specification.vendor" value="Oracle Corporation"/>
    <property name="java.awt.graphicsenv" value="sun.awt.X11GraphicsEnvironment"/>
    <property name="surefire.real.class.path" value="/autofs/unitytravail/travail/mcheungsen/S8/s8-architecture-logicielle/TD1/td1/target/surefire/surefirebooter5168996405766064039.jar"/>
    <property name="sun.management.compiler" value="HotSpot 64-Bit Tiered Compilers"/>
    <property name="java.runtime.version" value="11.0.16+8-post-Debian-1deb10u1"/>
    <property name="user.name" value="mcheungsen"/>
    <property name="path.separator" value=":"/>
    <property name="os.version" value="5.10.0-0.deb10.16-amd64"/>
    <property name="java.runtime.name" value="OpenJDK Runtime Environment"/>
    <property name="file.encoding" value="UTF-8"/>
    <property name="java.vm.name" value="OpenJDK 64-Bit Server VM"/>
    <property name="localRepository" value="/net/cremi/mcheungsen/.m2/repository"/>
    <property name="java.vendor.url.bug" value="https://bugs.debian.org/openjdk-11"/>
    <property name="java.io.tmpdir" value="/tmp"/>
    <property name="java.version" value="11.0.16"/>
    <property name="user.dir" value="/autofs/unitytravail/travail/mcheungsen/S8/s8-architecture-logicielle/TD1/td1"/>
    <property name="os.arch" value="amd64"/>
    <property name="java.vm.specification.name" value="Java Virtual Machine Specification"/>
    <property name="java.awt.printerjob" value="sun.print.PSPrinterJob"/>
    <property name="sun.os.patch.level" value="unknown"/>
    <property name="java.library.path" value="/usr/java/packages/lib:/usr/lib/x86_64-linux-gnu/jni:/lib/x86_64-linux-gnu:/usr/lib/x86_64-linux-gnu:/usr/lib/jni:/lib:/usr/lib"/>
    <property name="java.vm.info" value="mixed mode, sharing"/>
    <property name="java.vendor" value="Debian"/>
    <property name="java.vm.version" value="11.0.16+8-post-Debian-1deb10u1"/>
    <property name="sun.io.unicode.encoding" value="UnicodeLittle"/>
    <property name="java.class.version" value="55.0"/>
  </properties>
  <testcase name="createCustomers" classname="main.AppTest" time="0.002"/>
</testsuite>